<?xml version="1.0" encoding="UTF-8"?>
<testng-results ignored="0" total="1" passed="1" failed="0" skipped="0">
  <reporter-output>
  </reporter-output>
  <suite started-at="2024-08-24T10:17:10 IST" name="Default suite" finished-at="2024-08-24T10:17:25 IST" duration-ms="14317">
    <groups>
    </groups>
    <test started-at="2024-08-24T10:17:10 IST" name="Default test" finished-at="2024-08-24T10:17:25 IST" duration-ms="14317">
      <class name="com.Actitime1.Testscripts.LoginUtilization">
        <test-method signature="login()[pri:0, instance:com.Actitime1.Testscripts.LoginUtilization@534a5a98]" started-at="2024-08-24T10:17:11 IST" name="login" finished-at="2024-08-24T10:17:25 IST" duration-ms="14260" status="PASS">
          <reporter-output>
          </reporter-output>
        </test-method> <!-- login -->
      </class> <!-- com.Actitime1.Testscripts.LoginUtilization -->
    </test> <!-- Default test -->
  </suite> <!-- Default suite -->
</testng-results>
