<?xml version="1.0" encoding="UTF-8"?>
<!-- Generated by org.testng.reporters.JUnitXMLReporter -->
<testsuite ignored="0" hostname="DESKTOP-BJ7HU2O" failures="0" tests="2" name="testrunner1" time="12.413" errors="0" timestamp="2024-08-23T21:03:55 IST">
  <testcase classname="com.Actitime1.Testscripts.CreateTest" name="createCustomerTest" time="7.585"/>
  <testcase classname="com.Actitime1.Testscripts.ModifyCustomerTest" name="createCustomerTest" time="12.369"/>
</testsuite> <!-- testrunner1 -->
